<?xml version="1.0" encoding="UTF-8"?>
<!-- Generated by org.testng.reporters.JUnitReportReporter -->
<testsuite hostname="nandhini-PC" name="com.nike.automation.test.Testng" tests="2" failures="0" timestamp="19 Nov 2015 23:16:11 GMT" time="0.021" errors="0">
  <testcase name="C" time="0.011" classname="com.nike.automation.test.Testng"/>
  <testcase name="B" time="0.010" classname="com.nike.automation.test.Testng"/>
</testsuite> <!-- com.nike.automation.test.Testng -->
