<?xml version="1.0" encoding="UTF-8"?>
<!-- Generated by org.testng.reporters.JUnitReportReporter -->
<testsuite hostname="nandhini-PC" name="macys.Smoketest" tests="1" failures="0" timestamp="5 Dec 2015 10:54:37 GMT" time="182.904" errors="0">
  <testcase name="test06" time="182.904" classname="macys.Smoketest"/>
</testsuite> <!-- macys.Smoketest -->
